516  [Test worker] INFO  application.ListenerMy - Start on -->https://contacts-app.tobbymarshall815.vercel.app/
1641 [Test worker] INFO  application.ListenerMy - Start search -->By.cssSelector: [href='/login']
1665 [Test worker] INFO  application.ListenerMy - Found -->By.cssSelector: [href='/login']
1682 [Test worker] INFO  application.ListenerMy - Click on --> [[ChromeDriver: chrome on MAC (db8c7fa0c16694e8f19a034af6f6a501)] -> css selector: [href='/login']]
1807 [Test worker] INFO  application.ListenerMy - Start search -->By.xpath: //input[1]
1833 [Test worker] INFO  application.ListenerMy - Found -->By.xpath: //input[1]
1833 [Test worker] INFO  application.ListenerMy - Click on --> [[ChromeDriver: chrome on MAC (db8c7fa0c16694e8f19a034af6f6a501)] -> xpath: //input[1]]
2036 [Test worker] INFO  application.ListenerMy - Start search -->By.xpath: //input[1]
2051 [Test worker] INFO  application.ListenerMy - Found -->By.xpath: //input[1]
2085 [Test worker] INFO  application.ListenerMy - Start search -->By.xpath: //input[1]
2096 [Test worker] INFO  application.ListenerMy - Found -->By.xpath: //input[1]
2347 [Test worker] INFO  application.ListenerMy - Start search -->By.xpath: //input[2]
2365 [Test worker] INFO  application.ListenerMy - Found -->By.xpath: //input[2]
2368 [Test worker] INFO  application.ListenerMy - Click on --> [[ChromeDriver: chrome on MAC (db8c7fa0c16694e8f19a034af6f6a501)] -> xpath: //input[2]]
2469 [Test worker] INFO  application.ListenerMy - Start search -->By.xpath: //input[2]
2483 [Test worker] INFO  application.ListenerMy - Found -->By.xpath: //input[2]
2516 [Test worker] INFO  application.ListenerMy - Start search -->By.xpath: //input[2]
2531 [Test worker] INFO  application.ListenerMy - Found -->By.xpath: //input[2]
2627 [Test worker] INFO  application.ListenerMy - Start search -->By.xpath: //button[.=' Login']
2646 [Test worker] INFO  application.ListenerMy - Found -->By.xpath: //button[.=' Login']
2646 [Test worker] INFO  application.ListenerMy - Click on --> [[ChromeDriver: chrome on MAC (db8c7fa0c16694e8f19a034af6f6a501)] -> xpath: //button[.=' Login']]
2755 [Test worker] INFO  application.ListenerMy - Start search -->By.xpath: //*[text()='Sign Out']
8828 [Test worker] INFO  application.ListenerMy - Found -->By.xpath: //*[text()='Sign Out']
