161  [Test worker] INFO  application.ListenerMy - Start on -->https://contacts-app.tobbymarshall815.vercel.app/
1143 [Test worker] INFO  application.ListenerMy - Start search -->By.xpath: //*[text()='Sign Out']
11216 [Test worker] INFO  application.ListenerMy - Found -->By.xpath: //*[text()='Sign Out']
11217 [Test worker] INFO  application.ListenerMy - Start search -->By.cssSelector: [href='/login']
11232 [Test worker] INFO  application.ListenerMy - Found -->By.cssSelector: [href='/login']
11240 [Test worker] INFO  application.ListenerMy - Click on --> [[ChromeDriver: chrome on MAC (d429bc047cdb17b0b2800c798e49c284)] -> css selector: [href='/login']]
11314 [Test worker] INFO  application.ListenerMy - Start search -->By.xpath: //input[1]
11335 [Test worker] INFO  application.ListenerMy - Found -->By.xpath: //input[1]
11335 [Test worker] INFO  application.ListenerMy - Click on --> [[ChromeDriver: chrome on MAC (d429bc047cdb17b0b2800c798e49c284)] -> xpath: //input[1]]
11454 [Test worker] INFO  application.ListenerMy - Start search -->By.xpath: //input[1]
11462 [Test worker] INFO  application.ListenerMy - Found -->By.xpath: //input[1]
11485 [Test worker] INFO  application.ListenerMy - Start search -->By.xpath: //input[1]
11494 [Test worker] INFO  application.ListenerMy - Found -->By.xpath: //input[1]
11593 [Test worker] INFO  application.ListenerMy - Start search -->By.xpath: //input[2]
11607 [Test worker] INFO  application.ListenerMy - Found -->By.xpath: //input[2]
11607 [Test worker] INFO  application.ListenerMy - Click on --> [[ChromeDriver: chrome on MAC (d429bc047cdb17b0b2800c798e49c284)] -> xpath: //input[2]]
11639 [Test worker] INFO  application.ListenerMy - Start search -->By.xpath: //input[2]
11647 [Test worker] INFO  application.ListenerMy - Found -->By.xpath: //input[2]
11670 [Test worker] INFO  application.ListenerMy - Start search -->By.xpath: //input[2]
11678 [Test worker] INFO  application.ListenerMy - Found -->By.xpath: //input[2]
11710 [Test worker] INFO  application.ListenerMy - Start search -->By.xpath: //button[.=' Login']
11722 [Test worker] INFO  application.ListenerMy - Found -->By.xpath: //button[.=' Login']
11722 [Test worker] INFO  application.ListenerMy - Click on --> [[ChromeDriver: chrome on MAC (d429bc047cdb17b0b2800c798e49c284)] -> xpath: //button[.=' Login']]
11781 [Test worker] INFO  application.ListenerMy - Start search -->By.cssSelector: [href='/contacts']
12494 [Test worker] INFO  application.ListenerMy - Found -->By.cssSelector: [href='/contacts']
12494 [Test worker] INFO  application.ListenerMy - Click on --> [[ChromeDriver: chrome on MAC (d429bc047cdb17b0b2800c798e49c284)] -> css selector: [href='/contacts']]
12535 [Test worker] INFO  application.ListenerMy - Start search -->By.cssSelector: h2
12724 [Test worker] INFO  application.ListenerMy - Found -->By.cssSelector: h2
12724 [Test worker] INFO  application.ListenerMy - Start search -->By.cssSelector: [href='/add']
12741 [Test worker] INFO  application.ListenerMy - Found -->By.cssSelector: [href='/add']
12741 [Test worker] INFO  application.ListenerMy - Click on --> [[ChromeDriver: chrome on MAC (d429bc047cdb17b0b2800c798e49c284)] -> css selector: [href='/add']]
12778 [Test worker] INFO  application.ListenerMy - Start search -->By.cssSelector: [placeholder='Name']
12797 [Test worker] INFO  application.ListenerMy - Found -->By.cssSelector: [placeholder='Name']
12798 [Test worker] INFO  application.ListenerMy - Click on --> [[ChromeDriver: chrome on MAC (d429bc047cdb17b0b2800c798e49c284)] -> css selector: [placeholder='Name']]
12883 [Test worker] INFO  application.ListenerMy - Start search -->By.cssSelector: [placeholder='Name']
12891 [Test worker] INFO  application.ListenerMy - Found -->By.cssSelector: [placeholder='Name']
12915 [Test worker] INFO  application.ListenerMy - Start search -->By.cssSelector: [placeholder='Name']
12923 [Test worker] INFO  application.ListenerMy - Found -->By.cssSelector: [placeholder='Name']
12989 [Test worker] INFO  application.ListenerMy - Start search -->By.cssSelector: [placeholder='Last Name']
13012 [Test worker] INFO  application.ListenerMy - Found -->By.cssSelector: [placeholder='Last Name']
13013 [Test worker] INFO  application.ListenerMy - Click on --> [[ChromeDriver: chrome on MAC (d429bc047cdb17b0b2800c798e49c284)] -> css selector: [placeholder='Last Name']]
13052 [Test worker] INFO  application.ListenerMy - Start search -->By.cssSelector: [placeholder='Last Name']
13062 [Test worker] INFO  application.ListenerMy - Found -->By.cssSelector: [placeholder='Last Name']
13092 [Test worker] INFO  application.ListenerMy - Start search -->By.cssSelector: [placeholder='Last Name']
13105 [Test worker] INFO  application.ListenerMy - Found -->By.cssSelector: [placeholder='Last Name']
13165 [Test worker] INFO  application.ListenerMy - Start search -->By.cssSelector: [placeholder='email']
13183 [Test worker] INFO  application.ListenerMy - Found -->By.cssSelector: [placeholder='email']
13185 [Test worker] INFO  application.ListenerMy - Click on --> [[ChromeDriver: chrome on MAC (d429bc047cdb17b0b2800c798e49c284)] -> css selector: [placeholder='email']]
13240 [Test worker] INFO  application.ListenerMy - Start search -->By.cssSelector: [placeholder='email']
13250 [Test worker] INFO  application.ListenerMy - Found -->By.cssSelector: [placeholder='email']
13277 [Test worker] INFO  application.ListenerMy - Start search -->By.cssSelector: [placeholder='email']
13286 [Test worker] INFO  application.ListenerMy - Found -->By.cssSelector: [placeholder='email']
13360 [Test worker] INFO  application.ListenerMy - Start search -->By.cssSelector: [placeholder='Phone']
13371 [Test worker] INFO  application.ListenerMy - Found -->By.cssSelector: [placeholder='Phone']
13372 [Test worker] INFO  application.ListenerMy - Click on --> [[ChromeDriver: chrome on MAC (d429bc047cdb17b0b2800c798e49c284)] -> css selector: [placeholder='Phone']]
13414 [Test worker] INFO  application.ListenerMy - Start search -->By.cssSelector: [placeholder='Phone']
13426 [Test worker] INFO  application.ListenerMy - Found -->By.cssSelector: [placeholder='Phone']
13451 [Test worker] INFO  application.ListenerMy - Start search -->By.cssSelector: [placeholder='Phone']
13460 [Test worker] INFO  application.ListenerMy - Found -->By.cssSelector: [placeholder='Phone']
13558 [Test worker] INFO  application.ListenerMy - Start search -->By.cssSelector: [placeholder='Address']
13573 [Test worker] INFO  application.ListenerMy - Found -->By.cssSelector: [placeholder='Address']
13573 [Test worker] INFO  application.ListenerMy - Click on --> [[ChromeDriver: chrome on MAC (d429bc047cdb17b0b2800c798e49c284)] -> css selector: [placeholder='Address']]
13675 [Test worker] INFO  application.ListenerMy - Start search -->By.cssSelector: [placeholder='Address']
13683 [Test worker] INFO  application.ListenerMy - Found -->By.cssSelector: [placeholder='Address']
13715 [Test worker] INFO  application.ListenerMy - Start search -->By.cssSelector: [placeholder='Address']
13725 [Test worker] INFO  application.ListenerMy - Found -->By.cssSelector: [placeholder='Address']
13858 [Test worker] INFO  application.ListenerMy - Start search -->By.cssSelector: [placeholder='description']
13879 [Test worker] INFO  application.ListenerMy - Found -->By.cssSelector: [placeholder='description']
13879 [Test worker] INFO  application.ListenerMy - Click on --> [[ChromeDriver: chrome on MAC (d429bc047cdb17b0b2800c798e49c284)] -> css selector: [placeholder='description']]
13935 [Test worker] INFO  application.ListenerMy - Start search -->By.cssSelector: [placeholder='description']
13947 [Test worker] INFO  application.ListenerMy - Found -->By.cssSelector: [placeholder='description']
13975 [Test worker] INFO  application.ListenerMy - Start search -->By.cssSelector: [placeholder='description']
13983 [Test worker] INFO  application.ListenerMy - Found -->By.cssSelector: [placeholder='description']
14067 [Test worker] INFO  application.ListenerMy - Start search -->By.xpath: //button[contains(.,'Save')]
14085 [Test worker] INFO  application.ListenerMy - Found -->By.xpath: //button[contains(.,'Save')]
14086 [Test worker] INFO  application.ListenerMy - Click on --> [[ChromeDriver: chrome on MAC (d429bc047cdb17b0b2800c798e49c284)] -> xpath: //button[contains(.,'Save')]]
14150 [Test worker] INFO  application.ListenerMy - Start search -->By.cssSelector: h2
14584 [Test worker] INFO  application.ListenerMy - Found -->By.cssSelector: h2
14601 [Test worker] INFO  application.ListenerMy - We take a text -->Lola1193
18017 [Test worker] INFO  application.ListenerMy - Start on -->https://contacts-app.tobbymarshall815.vercel.app/
19868 [Test worker] INFO  application.ListenerMy - Start search -->By.xpath: //*[text()='Sign Out']
29909 [Test worker] INFO  application.ListenerMy - Found -->By.xpath: //*[text()='Sign Out']
29909 [Test worker] INFO  application.ListenerMy - Start search -->By.cssSelector: [href='/login']
29927 [Test worker] INFO  application.ListenerMy - Found -->By.cssSelector: [href='/login']
29927 [Test worker] INFO  application.ListenerMy - Click on --> [[ChromeDriver: chrome on MAC (d8b137644bdc5c6929ce3cb124b066b8)] -> css selector: [href='/login']]
29996 [Test worker] INFO  application.ListenerMy - Start search -->By.xpath: //input[1]
30016 [Test worker] INFO  application.ListenerMy - Found -->By.xpath: //input[1]
30016 [Test worker] INFO  application.ListenerMy - Click on --> [[ChromeDriver: chrome on MAC (d8b137644bdc5c6929ce3cb124b066b8)] -> xpath: //input[1]]
30141 [Test worker] INFO  application.ListenerMy - Start search -->By.xpath: //input[1]
30151 [Test worker] INFO  application.ListenerMy - Found -->By.xpath: //input[1]
30175 [Test worker] INFO  application.ListenerMy - Start search -->By.xpath: //input[1]
30183 [Test worker] INFO  application.ListenerMy - Found -->By.xpath: //input[1]
30328 [Test worker] INFO  application.ListenerMy - Start search -->By.xpath: //input[2]
30345 [Test worker] INFO  application.ListenerMy - Found -->By.xpath: //input[2]
30346 [Test worker] INFO  application.ListenerMy - Click on --> [[ChromeDriver: chrome on MAC (d8b137644bdc5c6929ce3cb124b066b8)] -> xpath: //input[2]]
30385 [Test worker] INFO  application.ListenerMy - Start search -->By.xpath: //input[2]
30394 [Test worker] INFO  application.ListenerMy - Found -->By.xpath: //input[2]
30428 [Test worker] INFO  application.ListenerMy - Start search -->By.xpath: //input[2]
30440 [Test worker] INFO  application.ListenerMy - Found -->By.xpath: //input[2]
30485 [Test worker] INFO  application.ListenerMy - Start search -->By.xpath: //button[.=' Login']
30499 [Test worker] INFO  application.ListenerMy - Found -->By.xpath: //button[.=' Login']
30499 [Test worker] INFO  application.ListenerMy - Click on --> [[ChromeDriver: chrome on MAC (d8b137644bdc5c6929ce3cb124b066b8)] -> xpath: //button[.=' Login']]
32544 [Test worker] INFO  application.ListenerMy - Start search -->By.xpath: //*[.='Sign Out']
32560 [Test worker] INFO  application.ListenerMy - Found -->By.xpath: //*[.='Sign Out']
32561 [Test worker] INFO  application.ListenerMy - Click on --> [[ChromeDriver: chrome on MAC (d8b137644bdc5c6929ce3cb124b066b8)] -> xpath: //*[.='Sign Out']]
36605 [Test worker] INFO  application.ListenerMy - Start search -->By.xpath: //*[.=' Login']
36645 [Test worker] INFO  application.ListenerMy - Found -->By.xpath: //*[.=' Login']
38779 [Test worker] INFO  application.ListenerMy - Start on -->https://contacts-app.tobbymarshall815.vercel.app/
39902 [Test worker] INFO  application.ListenerMy - Start search -->By.cssSelector: [href='/login']
39920 [Test worker] INFO  application.ListenerMy - Found -->By.cssSelector: [href='/login']
39921 [Test worker] INFO  application.ListenerMy - Click on --> [[ChromeDriver: chrome on MAC (73d9dda6dd88b2b6cd2046066ab73c80)] -> css selector: [href='/login']]
39987 [Test worker] INFO  application.ListenerMy - Start search -->By.xpath: //input[1]
40005 [Test worker] INFO  application.ListenerMy - Found -->By.xpath: //input[1]
40006 [Test worker] INFO  application.ListenerMy - Click on --> [[ChromeDriver: chrome on MAC (73d9dda6dd88b2b6cd2046066ab73c80)] -> xpath: //input[1]]
40167 [Test worker] INFO  application.ListenerMy - Start search -->By.xpath: //input[1]
40176 [Test worker] INFO  application.ListenerMy - Found -->By.xpath: //input[1]
40210 [Test worker] INFO  application.ListenerMy - Start search -->By.xpath: //input[1]
40220 [Test worker] INFO  application.ListenerMy - Found -->By.xpath: //input[1]
40342 [Test worker] INFO  application.ListenerMy - Start search -->By.xpath: //input[2]
40356 [Test worker] INFO  application.ListenerMy - Found -->By.xpath: //input[2]
40356 [Test worker] INFO  application.ListenerMy - Click on --> [[ChromeDriver: chrome on MAC (73d9dda6dd88b2b6cd2046066ab73c80)] -> xpath: //input[2]]
40391 [Test worker] INFO  application.ListenerMy - Start search -->By.xpath: //input[2]
40399 [Test worker] INFO  application.ListenerMy - Found -->By.xpath: //input[2]
40422 [Test worker] INFO  application.ListenerMy - Start search -->By.xpath: //input[2]
40430 [Test worker] INFO  application.ListenerMy - Found -->By.xpath: //input[2]
40511 [Test worker] INFO  application.ListenerMy - Start search -->By.xpath: //button[.=' Login']
40529 [Test worker] INFO  application.ListenerMy - Found -->By.xpath: //button[.=' Login']
40530 [Test worker] INFO  application.ListenerMy - Click on --> [[ChromeDriver: chrome on MAC (73d9dda6dd88b2b6cd2046066ab73c80)] -> xpath: //button[.=' Login']]
40628 [Test worker] INFO  application.ListenerMy - Start search -->By.xpath: //*[text()='Sign Out']
41493 [Test worker] INFO  application.ListenerMy - Found -->By.xpath: //*[text()='Sign Out']
43344 [Test worker] INFO  application.ListenerMy - Start on -->https://contacts-app.tobbymarshall815.vercel.app/
44192 [Test worker] INFO  application.ListenerMy - Start search -->By.cssSelector: [href='/login']
44204 [Test worker] INFO  application.ListenerMy - Found -->By.cssSelector: [href='/login']
44204 [Test worker] INFO  application.ListenerMy - Click on --> [[ChromeDriver: chrome on MAC (225a42204967d36c2b7288cc851720c5)] -> css selector: [href='/login']]
44257 [Test worker] INFO  application.ListenerMy - Start search -->By.xpath: //input[1]
44277 [Test worker] INFO  application.ListenerMy - Found -->By.xpath: //input[1]
44277 [Test worker] INFO  application.ListenerMy - Click on --> [[ChromeDriver: chrome on MAC (225a42204967d36c2b7288cc851720c5)] -> xpath: //input[1]]
44394 [Test worker] INFO  application.ListenerMy - Start search -->By.xpath: //input[1]
44404 [Test worker] INFO  application.ListenerMy - Found -->By.xpath: //input[1]
44436 [Test worker] INFO  application.ListenerMy - Start search -->By.xpath: //input[1]
44444 [Test worker] INFO  application.ListenerMy - Found -->By.xpath: //input[1]
44606 [Test worker] INFO  application.ListenerMy - Start search -->By.xpath: //input[2]
44627 [Test worker] INFO  application.ListenerMy - Found -->By.xpath: //input[2]
44627 [Test worker] INFO  application.ListenerMy - Click on --> [[ChromeDriver: chrome on MAC (225a42204967d36c2b7288cc851720c5)] -> xpath: //input[2]]
44675 [Test worker] INFO  application.ListenerMy - Start search -->By.xpath: //input[2]
44686 [Test worker] INFO  application.ListenerMy - Found -->By.xpath: //input[2]
44717 [Test worker] INFO  application.ListenerMy - Start search -->By.xpath: //input[2]
44727 [Test worker] INFO  application.ListenerMy - Found -->By.xpath: //input[2]
44785 [Test worker] INFO  application.ListenerMy - Start search -->By.xpath: //*[text()=' Registration']
44799 [Test worker] INFO  application.ListenerMy - Found -->By.xpath: //*[text()=' Registration']
44799 [Test worker] INFO  application.ListenerMy - Click on --> [[ChromeDriver: chrome on MAC (225a42204967d36c2b7288cc851720c5)] -> xpath: //*[text()=' Registration']]
44841 [Test worker] INFO  application.ListenerMy - Start search -->By.xpath: //*[text()='Sign Out']
45558 [Test worker] INFO  application.ListenerMy - Found -->By.xpath: //*[text()='Sign Out']
47291 [Test worker] INFO  application.ListenerMy - Start on -->https://contacts-app.tobbymarshall815.vercel.app/
48357 [Test worker] INFO  application.ListenerMy - Start search -->By.xpath: //*[text()='Sign Out']
58382 [Test worker] INFO  application.ListenerMy - Found -->By.xpath: //*[text()='Sign Out']
58382 [Test worker] INFO  application.ListenerMy - Start search -->By.cssSelector: [href='/login']
58401 [Test worker] INFO  application.ListenerMy - Found -->By.cssSelector: [href='/login']
58401 [Test worker] INFO  application.ListenerMy - Click on --> [[ChromeDriver: chrome on MAC (81ed2eced28807361a4908c2686638a1)] -> css selector: [href='/login']]
58464 [Test worker] INFO  application.ListenerMy - Start search -->By.xpath: //input[1]
58481 [Test worker] INFO  application.ListenerMy - Found -->By.xpath: //input[1]
58481 [Test worker] INFO  application.ListenerMy - Click on --> [[ChromeDriver: chrome on MAC (81ed2eced28807361a4908c2686638a1)] -> xpath: //input[1]]
58595 [Test worker] INFO  application.ListenerMy - Start search -->By.xpath: //input[1]
58603 [Test worker] INFO  application.ListenerMy - Found -->By.xpath: //input[1]
58630 [Test worker] INFO  application.ListenerMy - Start search -->By.xpath: //input[1]
58639 [Test worker] INFO  application.ListenerMy - Found -->By.xpath: //input[1]
58783 [Test worker] INFO  application.ListenerMy - Start search -->By.xpath: //input[2]
58801 [Test worker] INFO  application.ListenerMy - Found -->By.xpath: //input[2]
58801 [Test worker] INFO  application.ListenerMy - Click on --> [[ChromeDriver: chrome on MAC (81ed2eced28807361a4908c2686638a1)] -> xpath: //input[2]]
58841 [Test worker] INFO  application.ListenerMy - Start search -->By.xpath: //input[2]
58849 [Test worker] INFO  application.ListenerMy - Found -->By.xpath: //input[2]
58872 [Test worker] INFO  application.ListenerMy - Start search -->By.xpath: //input[2]
58881 [Test worker] INFO  application.ListenerMy - Found -->By.xpath: //input[2]
58917 [Test worker] INFO  application.ListenerMy - Start search -->By.xpath: //button[.=' Login']
58935 [Test worker] INFO  application.ListenerMy - Found -->By.xpath: //button[.=' Login']
58935 [Test worker] INFO  application.ListenerMy - Click on --> [[ChromeDriver: chrome on MAC (81ed2eced28807361a4908c2686638a1)] -> xpath: //button[.=' Login']]
58975 [Test worker] INFO  application.ListenerMy - Start search -->By.xpath: //a[.='CONTACTS']
59769 [Test worker] INFO  application.ListenerMy - Found -->By.xpath: //a[.='CONTACTS']
59770 [Test worker] INFO  application.ListenerMy - Click on --> [[ChromeDriver: chrome on MAC (81ed2eced28807361a4908c2686638a1)] -> xpath: //a[.='CONTACTS']]
59812 [Test worker] INFO  application.ListenerMy - Start search -->By.cssSelector: .contact-item_card__2SOIM
59942 [Test worker] INFO  application.ListenerMy - Found -->By.cssSelector: .contact-item_card__2SOIM
59943 [Test worker] INFO  application.ListenerMy - Start search -->By.cssSelector: .contact-item_card__2SOIM
59954 [Test worker] INFO  application.ListenerMy - Found -->By.cssSelector: .contact-item_card__2SOIM
59955 [Test worker] INFO  application.ListenerMy - Click on --> [[ChromeDriver: chrome on MAC (81ed2eced28807361a4908c2686638a1)] -> css selector: .contact-item_card__2SOIM]
60513 [Test worker] INFO  application.ListenerMy - Start search -->By.xpath: //button[.='Remove']
60527 [Test worker] INFO  application.ListenerMy - Found -->By.xpath: //button[.='Remove']
60527 [Test worker] INFO  application.ListenerMy - Click on --> [[ChromeDriver: chrome on MAC (81ed2eced28807361a4908c2686638a1)] -> xpath: //button[.='Remove']]
61059 [Test worker] INFO  application.ListenerMy - Start search -->By.cssSelector: .contact-item_card__2SOIM
71123 [Test worker] INFO  application.ListenerMy - Found -->By.cssSelector: .contact-item_card__2SOIM
73614 [Test worker] INFO  application.ListenerMy - Start on -->https://contacts-app.tobbymarshall815.vercel.app/
74720 [Test worker] INFO  application.ListenerMy - Start search -->By.xpath: //*[text()='Sign Out']
84744 [Test worker] INFO  application.ListenerMy - Found -->By.xpath: //*[text()='Sign Out']
84744 [Test worker] INFO  application.ListenerMy - Start search -->By.cssSelector: [href='/login']
84757 [Test worker] INFO  application.ListenerMy - Found -->By.cssSelector: [href='/login']
84757 [Test worker] INFO  application.ListenerMy - Click on --> [[ChromeDriver: chrome on MAC (da064213ba4691176c98dae420368d16)] -> css selector: [href='/login']]
84828 [Test worker] INFO  application.ListenerMy - Start search -->By.xpath: //input[1]
84849 [Test worker] INFO  application.ListenerMy - Found -->By.xpath: //input[1]
84850 [Test worker] INFO  application.ListenerMy - Click on --> [[ChromeDriver: chrome on MAC (da064213ba4691176c98dae420368d16)] -> xpath: //input[1]]
85021 [Test worker] INFO  application.ListenerMy - Start search -->By.xpath: //input[1]
85032 [Test worker] INFO  application.ListenerMy - Found -->By.xpath: //input[1]
85068 [Test worker] INFO  application.ListenerMy - Start search -->By.xpath: //input[1]
85080 [Test worker] INFO  application.ListenerMy - Found -->By.xpath: //input[1]
85188 [Test worker] INFO  application.ListenerMy - Start search -->By.xpath: //input[2]
85199 [Test worker] INFO  application.ListenerMy - Found -->By.xpath: //input[2]
85199 [Test worker] INFO  application.ListenerMy - Click on --> [[ChromeDriver: chrome on MAC (da064213ba4691176c98dae420368d16)] -> xpath: //input[2]]
85230 [Test worker] INFO  application.ListenerMy - Start search -->By.xpath: //input[2]
85237 [Test worker] INFO  application.ListenerMy - Found -->By.xpath: //input[2]
85258 [Test worker] INFO  application.ListenerMy - Start search -->By.xpath: //input[2]
85265 [Test worker] INFO  application.ListenerMy - Found -->By.xpath: //input[2]
85316 [Test worker] INFO  application.ListenerMy - Start search -->By.xpath: //button[.=' Login']
85327 [Test worker] INFO  application.ListenerMy - Found -->By.xpath: //button[.=' Login']
85327 [Test worker] INFO  application.ListenerMy - Click on --> [[ChromeDriver: chrome on MAC (da064213ba4691176c98dae420368d16)] -> xpath: //button[.=' Login']]
85358 [Test worker] INFO  application.ListenerMy - Start search -->By.xpath: //a[.='CONTACTS']
86669 [Test worker] INFO  application.ListenerMy - Found -->By.xpath: //a[.='CONTACTS']
86670 [Test worker] INFO  application.ListenerMy - Click on --> [[ChromeDriver: chrome on MAC (da064213ba4691176c98dae420368d16)] -> xpath: //a[.='CONTACTS']]
86710 [Test worker] INFO  application.ListenerMy - Start search -->By.className: contact-item_card__2SOIM
96776 [Test worker] INFO  application.ListenerMy - Found -->By.className: contact-item_card__2SOIM
98725 [Test worker] INFO  application.ListenerMy - Start on -->https://contacts-app.tobbymarshall815.vercel.app/
99444 [Test worker] INFO  application.ListenerMy - Start search -->By.xpath: //*[text()='Sign Out']
109488 [Test worker] INFO  application.ListenerMy - Found -->By.xpath: //*[text()='Sign Out']
109488 [Test worker] INFO  application.ListenerMy - Start search -->By.cssSelector: [href='/login']
109501 [Test worker] INFO  application.ListenerMy - Found -->By.cssSelector: [href='/login']
109502 [Test worker] INFO  application.ListenerMy - Click on --> [[ChromeDriver: chrome on MAC (264164d969e6d45528aac5414a4bee51)] -> css selector: [href='/login']]
109572 [Test worker] INFO  application.ListenerMy - Start search -->By.xpath: //input[1]
109585 [Test worker] INFO  application.ListenerMy - Found -->By.xpath: //input[1]
109586 [Test worker] INFO  application.ListenerMy - Click on --> [[ChromeDriver: chrome on MAC (264164d969e6d45528aac5414a4bee51)] -> xpath: //input[1]]
109634 [Test worker] INFO  application.ListenerMy - Start search -->By.xpath: //input[1]
109643 [Test worker] INFO  application.ListenerMy - Found -->By.xpath: //input[1]
109668 [Test worker] INFO  application.ListenerMy - Start search -->By.xpath: //input[1]
109677 [Test worker] INFO  application.ListenerMy - Found -->By.xpath: //input[1]
109783 [Test worker] INFO  application.ListenerMy - Start search -->By.xpath: //input[2]
109798 [Test worker] INFO  application.ListenerMy - Found -->By.xpath: //input[2]
109798 [Test worker] INFO  application.ListenerMy - Click on --> [[ChromeDriver: chrome on MAC (264164d969e6d45528aac5414a4bee51)] -> xpath: //input[2]]
109840 [Test worker] INFO  application.ListenerMy - Start search -->By.xpath: //input[2]
109848 [Test worker] INFO  application.ListenerMy - Found -->By.xpath: //input[2]
109871 [Test worker] INFO  application.ListenerMy - Start search -->By.xpath: //input[2]
109878 [Test worker] INFO  application.ListenerMy - Found -->By.xpath: //input[2]
109916 [Test worker] INFO  application.ListenerMy - Start search -->By.xpath: //button[.=' Login']
109929 [Test worker] INFO  application.ListenerMy - Found -->By.xpath: //button[.=' Login']
109929 [Test worker] INFO  application.ListenerMy - Click on --> [[ChromeDriver: chrome on MAC (264164d969e6d45528aac5414a4bee51)] -> xpath: //button[.=' Login']]
109960 [Test worker] INFO  application.ListenerMy - Start search -->By.cssSelector: [href='/contacts']
110638 [Test worker] INFO  application.ListenerMy - Found -->By.cssSelector: [href='/contacts']
110638 [Test worker] INFO  application.ListenerMy - Click on --> [[ChromeDriver: chrome on MAC (264164d969e6d45528aac5414a4bee51)] -> css selector: [href='/contacts']]
110681 [Test worker] INFO  application.ListenerMy - Start search -->By.cssSelector: h2
110864 [Test worker] INFO  application.ListenerMy - Found -->By.cssSelector: h2
110864 [Test worker] INFO  application.ListenerMy - Start search -->By.cssSelector: [href='/add']
110877 [Test worker] INFO  application.ListenerMy - Found -->By.cssSelector: [href='/add']
110878 [Test worker] INFO  application.ListenerMy - Click on --> [[ChromeDriver: chrome on MAC (264164d969e6d45528aac5414a4bee51)] -> css selector: [href='/add']]
110943 [Test worker] INFO  application.ListenerMy - Start search -->By.cssSelector: [placeholder='Name']
110958 [Test worker] INFO  application.ListenerMy - Found -->By.cssSelector: [placeholder='Name']
110958 [Test worker] INFO  application.ListenerMy - Click on --> [[ChromeDriver: chrome on MAC (264164d969e6d45528aac5414a4bee51)] -> css selector: [placeholder='Name']]
111006 [Test worker] INFO  application.ListenerMy - Start search -->By.cssSelector: [placeholder='Name']
111015 [Test worker] INFO  application.ListenerMy - Found -->By.cssSelector: [placeholder='Name']
111037 [Test worker] INFO  application.ListenerMy - Start search -->By.cssSelector: [placeholder='Name']
111044 [Test worker] INFO  application.ListenerMy - Found -->By.cssSelector: [placeholder='Name']
111075 [Test worker] INFO  application.ListenerMy - Start search -->By.cssSelector: [placeholder='Last Name']
111090 [Test worker] INFO  application.ListenerMy - Found -->By.cssSelector: [placeholder='Last Name']
111090 [Test worker] INFO  application.ListenerMy - Click on --> [[ChromeDriver: chrome on MAC (264164d969e6d45528aac5414a4bee51)] -> css selector: [placeholder='Last Name']]
111147 [Test worker] INFO  application.ListenerMy - Start search -->By.cssSelector: [placeholder='Last Name']
111159 [Test worker] INFO  application.ListenerMy - Found -->By.cssSelector: [placeholder='Last Name']
111191 [Test worker] INFO  application.ListenerMy - Start search -->By.cssSelector: [placeholder='Last Name']
111200 [Test worker] INFO  application.ListenerMy - Found -->By.cssSelector: [placeholder='Last Name']
111255 [Test worker] INFO  application.ListenerMy - Start search -->By.cssSelector: [placeholder='email']
111272 [Test worker] INFO  application.ListenerMy - Found -->By.cssSelector: [placeholder='email']
111272 [Test worker] INFO  application.ListenerMy - Click on --> [[ChromeDriver: chrome on MAC (264164d969e6d45528aac5414a4bee51)] -> css selector: [placeholder='email']]
111314 [Test worker] INFO  application.ListenerMy - Start search -->By.cssSelector: [placeholder='email']
111323 [Test worker] INFO  application.ListenerMy - Found -->By.cssSelector: [placeholder='email']
111345 [Test worker] INFO  application.ListenerMy - Start search -->By.cssSelector: [placeholder='email']
111352 [Test worker] INFO  application.ListenerMy - Found -->By.cssSelector: [placeholder='email']
111414 [Test worker] INFO  application.ListenerMy - Start search -->By.cssSelector: [placeholder='Phone']
111428 [Test worker] INFO  application.ListenerMy - Found -->By.cssSelector: [placeholder='Phone']
111428 [Test worker] INFO  application.ListenerMy - Click on --> [[ChromeDriver: chrome on MAC (264164d969e6d45528aac5414a4bee51)] -> css selector: [placeholder='Phone']]
111464 [Test worker] INFO  application.ListenerMy - Start search -->By.cssSelector: [placeholder='Phone']
111473 [Test worker] INFO  application.ListenerMy - Found -->By.cssSelector: [placeholder='Phone']
111497 [Test worker] INFO  application.ListenerMy - Start search -->By.cssSelector: [placeholder='Phone']
111505 [Test worker] INFO  application.ListenerMy - Found -->By.cssSelector: [placeholder='Phone']
111563 [Test worker] INFO  application.ListenerMy - Start search -->By.cssSelector: [placeholder='Address']
111582 [Test worker] INFO  application.ListenerMy - Found -->By.cssSelector: [placeholder='Address']
111582 [Test worker] INFO  application.ListenerMy - Click on --> [[ChromeDriver: chrome on MAC (264164d969e6d45528aac5414a4bee51)] -> css selector: [placeholder='Address']]
111623 [Test worker] INFO  application.ListenerMy - Start search -->By.cssSelector: [placeholder='Address']
111630 [Test worker] INFO  application.ListenerMy - Found -->By.cssSelector: [placeholder='Address']
111657 [Test worker] INFO  application.ListenerMy - Start search -->By.cssSelector: [placeholder='Address']
111665 [Test worker] INFO  application.ListenerMy - Found -->By.cssSelector: [placeholder='Address']
111710 [Test worker] INFO  application.ListenerMy - Start search -->By.cssSelector: [placeholder='description']
111722 [Test worker] INFO  application.ListenerMy - Found -->By.cssSelector: [placeholder='description']
111723 [Test worker] INFO  application.ListenerMy - Click on --> [[ChromeDriver: chrome on MAC (264164d969e6d45528aac5414a4bee51)] -> css selector: [placeholder='description']]
111758 [Test worker] INFO  application.ListenerMy - Start search -->By.cssSelector: [placeholder='description']
111766 [Test worker] INFO  application.ListenerMy - Found -->By.cssSelector: [placeholder='description']
111790 [Test worker] INFO  application.ListenerMy - Start search -->By.cssSelector: [placeholder='description']
111799 [Test worker] INFO  application.ListenerMy - Found -->By.cssSelector: [placeholder='description']
111859 [Test worker] INFO  application.ListenerMy - Start search -->By.xpath: //button[contains(.,'Save')]
111876 [Test worker] INFO  application.ListenerMy - Found -->By.xpath: //button[contains(.,'Save')]
111877 [Test worker] INFO  application.ListenerMy - Click on --> [[ChromeDriver: chrome on MAC (264164d969e6d45528aac5414a4bee51)] -> xpath: //button[contains(.,'Save')]]
111921 [Test worker] INFO  application.ListenerMy - Start search -->By.cssSelector: h2
112389 [Test worker] INFO  application.ListenerMy - Found -->By.cssSelector: h2
112407 [Test worker] INFO  application.ListenerMy - We take a text -->Lola1291
