222  [Test worker] INFO  application.ListenerMy - Start on -->https://contacts-app.tobbymarshall815.vercel.app/
994  [Test worker] INFO  application.ListenerMy - Start search -->By.xpath: //*[text()='Sign Out']
11042 [Test worker] INFO  application.ListenerMy - Found -->By.xpath: //*[text()='Sign Out']
11043 [Test worker] INFO  application.ListenerMy - Start search -->By.cssSelector: [href='/login']
11058 [Test worker] INFO  application.ListenerMy - Found -->By.cssSelector: [href='/login']
11065 [Test worker] INFO  application.ListenerMy - Click on --> [[ChromeDriver: chrome on MAC (323034496410b2eaec2495065a6fc163)] -> css selector: [href='/login']]
11140 [Test worker] INFO  application.ListenerMy - Start search -->By.xpath: //input[1]
11156 [Test worker] INFO  application.ListenerMy - Found -->By.xpath: //input[1]
11156 [Test worker] INFO  application.ListenerMy - Click on --> [[ChromeDriver: chrome on MAC (323034496410b2eaec2495065a6fc163)] -> xpath: //input[1]]
11290 [Test worker] INFO  application.ListenerMy - Start search -->By.xpath: //input[1]
11299 [Test worker] INFO  application.ListenerMy - Found -->By.xpath: //input[1]
11321 [Test worker] INFO  application.ListenerMy - Start search -->By.xpath: //input[1]
11329 [Test worker] INFO  application.ListenerMy - Found -->By.xpath: //input[1]
11467 [Test worker] INFO  application.ListenerMy - Start search -->By.xpath: //input[2]
11483 [Test worker] INFO  application.ListenerMy - Found -->By.xpath: //input[2]
11484 [Test worker] INFO  application.ListenerMy - Click on --> [[ChromeDriver: chrome on MAC (323034496410b2eaec2495065a6fc163)] -> xpath: //input[2]]
11526 [Test worker] INFO  application.ListenerMy - Start search -->By.xpath: //input[2]
11536 [Test worker] INFO  application.ListenerMy - Found -->By.xpath: //input[2]
11559 [Test worker] INFO  application.ListenerMy - Start search -->By.xpath: //input[2]
11567 [Test worker] INFO  application.ListenerMy - Found -->By.xpath: //input[2]
11611 [Test worker] INFO  application.ListenerMy - Start search -->By.xpath: //button[.=' Login']
11628 [Test worker] INFO  application.ListenerMy - Found -->By.xpath: //button[.=' Login']
11629 [Test worker] INFO  application.ListenerMy - Click on --> [[ChromeDriver: chrome on MAC (323034496410b2eaec2495065a6fc163)] -> xpath: //button[.=' Login']]
11670 [Test worker] INFO  application.ListenerMy - Start search -->By.xpath: //a[.='CONTACTS']
12366 [Test worker] INFO  application.ListenerMy - Found -->By.xpath: //a[.='CONTACTS']
12367 [Test worker] INFO  application.ListenerMy - Click on --> [[ChromeDriver: chrome on MAC (323034496410b2eaec2495065a6fc163)] -> xpath: //a[.='CONTACTS']]
12414 [Test worker] INFO  application.ListenerMy - Start search -->By.className: contact-item_card__2SOIM
12547 [Test worker] INFO  application.ListenerMy - Found -->By.className: contact-item_card__2SOIM
12548 [Test worker] INFO  application.ListenerMy - Click on --> [[ChromeDriver: chrome on MAC (323034496410b2eaec2495065a6fc163)] -> class name: contact-item_card__2SOIM]
13129 [Test worker] INFO  application.ListenerMy - Start search -->By.xpath: //button[.='Remove']
13145 [Test worker] INFO  application.ListenerMy - Found -->By.xpath: //button[.='Remove']
13145 [Test worker] INFO  application.ListenerMy - Click on --> [[ChromeDriver: chrome on MAC (323034496410b2eaec2495065a6fc163)] -> xpath: //button[.='Remove']]
