355  [Test worker] INFO  application.ListenerMy - Start on -->https://contacts-app.tobbymarshall815.vercel.app/
1772 [Test worker] INFO  application.ListenerMy - Start search -->By.cssSelector: [href='/login']
1797 [Test worker] INFO  application.ListenerMy - Found -->By.cssSelector: [href='/login']
1810 [Test worker] INFO  application.ListenerMy - Click on --> [[ChromeDriver: chrome on MAC (f4f7b2a645e04faad7adfc5670184036)] -> css selector: [href='/login']]
1889 [Test worker] INFO  application.ListenerMy - Start search -->By.xpath: //input[1]
1910 [Test worker] INFO  application.ListenerMy - Found -->By.xpath: //input[1]
1911 [Test worker] INFO  application.ListenerMy - Click on --> [[ChromeDriver: chrome on MAC (f4f7b2a645e04faad7adfc5670184036)] -> xpath: //input[1]]
2144 [Test worker] INFO  application.ListenerMy - Start search -->By.xpath: //input[1]
2168 [Test worker] INFO  application.ListenerMy - Found -->By.xpath: //input[1]
2209 [Test worker] INFO  application.ListenerMy - Start search -->By.xpath: //input[1]
2221 [Test worker] INFO  application.ListenerMy - Found -->By.xpath: //input[1]
2421 [Test worker] INFO  application.ListenerMy - Start search -->By.xpath: //input[2]
2445 [Test worker] INFO  application.ListenerMy - Found -->By.xpath: //input[2]
2446 [Test worker] INFO  application.ListenerMy - Click on --> [[ChromeDriver: chrome on MAC (f4f7b2a645e04faad7adfc5670184036)] -> xpath: //input[2]]
2513 [Test worker] INFO  application.ListenerMy - Start search -->By.xpath: //input[2]
2529 [Test worker] INFO  application.ListenerMy - Found -->By.xpath: //input[2]
2562 [Test worker] INFO  application.ListenerMy - Start search -->By.xpath: //input[2]
2579 [Test worker] INFO  application.ListenerMy - Found -->By.xpath: //input[2]
2708 [Test worker] INFO  application.ListenerMy - Start search -->By.xpath: //button[.=' Login']
2730 [Test worker] INFO  application.ListenerMy - Found -->By.xpath: //button[.=' Login']
2730 [Test worker] INFO  application.ListenerMy - Click on --> [[ChromeDriver: chrome on MAC (f4f7b2a645e04faad7adfc5670184036)] -> xpath: //button[.=' Login']]
2840 [Test worker] INFO  application.ListenerMy - Start search -->By.xpath: //*[text()='Sign Out']
12900 [Test worker] INFO  application.ListenerMy - Found -->By.xpath: //*[text()='Sign Out']
