247  [Test worker] INFO  application.ListenerMy - Start on -->https://contacts-app.tobbymarshall815.vercel.app/
1202 [Test worker] INFO  application.ListenerMy - Start search -->By.cssSelector: [href='/login']
1225 [Test worker] INFO  application.ListenerMy - Found -->By.cssSelector: [href='/login']
1233 [Test worker] INFO  application.ListenerMy - Click on --> [[ChromeDriver: chrome on MAC (75795ed21bec529fc8180210e581a1c0)] -> css selector: [href='/login']]
1335 [Test worker] INFO  application.ListenerMy - Start search -->By.xpath: //input[1]
1361 [Test worker] INFO  application.ListenerMy - Found -->By.xpath: //input[1]
1364 [Test worker] INFO  application.ListenerMy - Click on --> [[ChromeDriver: chrome on MAC (75795ed21bec529fc8180210e581a1c0)] -> xpath: //input[1]]
1497 [Test worker] INFO  application.ListenerMy - Start search -->By.xpath: //input[1]
1510 [Test worker] INFO  application.ListenerMy - Found -->By.xpath: //input[1]
1539 [Test worker] INFO  application.ListenerMy - Start search -->By.xpath: //input[1]
1554 [Test worker] INFO  application.ListenerMy - Found -->By.xpath: //input[1]
1706 [Test worker] INFO  application.ListenerMy - Start search -->By.xpath: //input[2]
1723 [Test worker] INFO  application.ListenerMy - Found -->By.xpath: //input[2]
1724 [Test worker] INFO  application.ListenerMy - Click on --> [[ChromeDriver: chrome on MAC (75795ed21bec529fc8180210e581a1c0)] -> xpath: //input[2]]
1774 [Test worker] INFO  application.ListenerMy - Start search -->By.xpath: //input[2]
1783 [Test worker] INFO  application.ListenerMy - Found -->By.xpath: //input[2]
1811 [Test worker] INFO  application.ListenerMy - Start search -->By.xpath: //input[2]
1828 [Test worker] INFO  application.ListenerMy - Found -->By.xpath: //input[2]
1898 [Test worker] INFO  application.ListenerMy - Start search -->By.xpath: //*[text()=' Registration']
1916 [Test worker] INFO  application.ListenerMy - Found -->By.xpath: //*[text()=' Registration']
1917 [Test worker] INFO  application.ListenerMy - Click on --> [[ChromeDriver: chrome on MAC (75795ed21bec529fc8180210e581a1c0)] -> xpath: //*[text()=' Registration']]
1966 [Test worker] INFO  application.ListenerMy - Start search -->By.xpath: //*[text()='Sign Out']
2638 [Test worker] INFO  application.ListenerMy - Found -->By.xpath: //*[text()='Sign Out']
