233  [Test worker] INFO  application.ListenerMy - Start on -->https://contacts-app.tobbymarshall815.vercel.app/
1150 [Test worker] INFO  application.ListenerMy - Start search -->By.cssSelector: [href='/login']
1174 [Test worker] INFO  application.ListenerMy - Found -->By.cssSelector: [href='/login']
1183 [Test worker] INFO  application.ListenerMy - Click on --> [[ChromeDriver: chrome on MAC (14ace8b75635cf203ccef80367fac840)] -> css selector: [href='/login']]
1341 [Test worker] INFO  application.ListenerMy - Start search -->By.xpath: //input[1]
1365 [Test worker] INFO  application.ListenerMy - Found -->By.xpath: //input[1]
1365 [Test worker] INFO  application.ListenerMy - Click on --> [[ChromeDriver: chrome on MAC (14ace8b75635cf203ccef80367fac840)] -> xpath: //input[1]]
1490 [Test worker] INFO  application.ListenerMy - Start search -->By.xpath: //input[1]
1510 [Test worker] INFO  application.ListenerMy - Found -->By.xpath: //input[1]
1535 [Test worker] INFO  application.ListenerMy - Start search -->By.xpath: //input[1]
1543 [Test worker] INFO  application.ListenerMy - Found -->By.xpath: //input[1]
1656 [Test worker] INFO  application.ListenerMy - Start search -->By.xpath: //input[2]
1673 [Test worker] INFO  application.ListenerMy - Found -->By.xpath: //input[2]
1673 [Test worker] INFO  application.ListenerMy - Click on --> [[ChromeDriver: chrome on MAC (14ace8b75635cf203ccef80367fac840)] -> xpath: //input[2]]
1720 [Test worker] INFO  application.ListenerMy - Start search -->By.xpath: //input[2]
1731 [Test worker] INFO  application.ListenerMy - Found -->By.xpath: //input[2]
1758 [Test worker] INFO  application.ListenerMy - Start search -->By.xpath: //input[2]
1771 [Test worker] INFO  application.ListenerMy - Found -->By.xpath: //input[2]
1856 [Test worker] INFO  application.ListenerMy - Start search -->By.xpath: //button[.=' Login']
1874 [Test worker] INFO  application.ListenerMy - Found -->By.xpath: //button[.=' Login']
1874 [Test worker] INFO  application.ListenerMy - Click on --> [[ChromeDriver: chrome on MAC (14ace8b75635cf203ccef80367fac840)] -> xpath: //button[.=' Login']]
1935 [Test worker] INFO  application.ListenerMy - Start search -->By.xpath: //*[text()='Sign Out']
2681 [Test worker] INFO  application.ListenerMy - Found -->By.xpath: //*[text()='Sign Out']
