236  [Test worker] INFO  application.ListenerMy - Start on -->https://contacts-app.tobbymarshall815.vercel.app/
928  [Test worker] INFO  application.ListenerMy - Start search -->By.cssSelector: [href='/login']
965  [Test worker] INFO  application.ListenerMy - Found -->By.cssSelector: [href='/login']
982  [Test worker] INFO  application.ListenerMy - Click on --> [[ChromeDriver: chrome on MAC (cdd48b7d65c8a418baba7b8474dec41d)] -> css selector: [href='/login']]
1136 [Test worker] INFO  application.ListenerMy - Start search -->By.xpath: //input[1]
1162 [Test worker] INFO  application.ListenerMy - Found -->By.xpath: //input[1]
1163 [Test worker] INFO  application.ListenerMy - Click on --> [[ChromeDriver: chrome on MAC (cdd48b7d65c8a418baba7b8474dec41d)] -> xpath: //input[1]]
1324 [Test worker] INFO  application.ListenerMy - Start search -->By.xpath: //input[1]
1337 [Test worker] INFO  application.ListenerMy - Found -->By.xpath: //input[1]
1375 [Test worker] INFO  application.ListenerMy - Start search -->By.xpath: //input[1]
1386 [Test worker] INFO  application.ListenerMy - Found -->By.xpath: //input[1]
1507 [Test worker] INFO  application.ListenerMy - Start search -->By.xpath: //input[2]
1524 [Test worker] INFO  application.ListenerMy - Found -->By.xpath: //input[2]
1525 [Test worker] INFO  application.ListenerMy - Click on --> [[ChromeDriver: chrome on MAC (cdd48b7d65c8a418baba7b8474dec41d)] -> xpath: //input[2]]
1572 [Test worker] INFO  application.ListenerMy - Start search -->By.xpath: //input[2]
1585 [Test worker] INFO  application.ListenerMy - Found -->By.xpath: //input[2]
1618 [Test worker] INFO  application.ListenerMy - Start search -->By.xpath: //input[2]
1635 [Test worker] INFO  application.ListenerMy - Found -->By.xpath: //input[2]
1705 [Test worker] INFO  application.ListenerMy - Start search -->By.xpath: //*[text()=' Registration']
1730 [Test worker] INFO  application.ListenerMy - Found -->By.xpath: //*[text()=' Registration']
1731 [Test worker] INFO  application.ListenerMy - Click on --> [[ChromeDriver: chrome on MAC (cdd48b7d65c8a418baba7b8474dec41d)] -> xpath: //*[text()=' Registration']]
1811 [Test worker] INFO  application.ListenerMy - Start search -->By.xpath: //*[text()='Sign Out']
2759 [Test worker] INFO  application.ListenerMy - Found -->By.xpath: //*[text()='Sign Out']
