172  [Test worker] INFO  application.ListenerMy - Start on -->https://contacts-app.tobbymarshall815.vercel.app/
968  [Test worker] INFO  application.ListenerMy - Start search -->By.cssSelector: [href='/login']
987  [Test worker] INFO  application.ListenerMy - Found -->By.cssSelector: [href='/login']
995  [Test worker] INFO  application.ListenerMy - Click on --> [[ChromeDriver: chrome on MAC (8e15d62fe25f9f5430465d4c34807e70)] -> css selector: [href='/login']]
1103 [Test worker] INFO  application.ListenerMy - Start search -->By.xpath: //input[1]
1122 [Test worker] INFO  application.ListenerMy - Found -->By.xpath: //input[1]
1123 [Test worker] INFO  application.ListenerMy - Click on --> [[ChromeDriver: chrome on MAC (8e15d62fe25f9f5430465d4c34807e70)] -> xpath: //input[1]]
1248 [Test worker] INFO  application.ListenerMy - Start search -->By.xpath: //input[1]
1263 [Test worker] INFO  application.ListenerMy - Found -->By.xpath: //input[1]
1295 [Test worker] INFO  application.ListenerMy - Start search -->By.xpath: //input[1]
1305 [Test worker] INFO  application.ListenerMy - Found -->By.xpath: //input[1]
1430 [Test worker] INFO  application.ListenerMy - Start search -->By.xpath: //input[2]
1446 [Test worker] INFO  application.ListenerMy - Found -->By.xpath: //input[2]
1446 [Test worker] INFO  application.ListenerMy - Click on --> [[ChromeDriver: chrome on MAC (8e15d62fe25f9f5430465d4c34807e70)] -> xpath: //input[2]]
1515 [Test worker] INFO  application.ListenerMy - Start search -->By.xpath: //input[2]
1528 [Test worker] INFO  application.ListenerMy - Found -->By.xpath: //input[2]
1555 [Test worker] INFO  application.ListenerMy - Start search -->By.xpath: //input[2]
1564 [Test worker] INFO  application.ListenerMy - Found -->By.xpath: //input[2]
1632 [Test worker] INFO  application.ListenerMy - Start search -->By.xpath: //*[text()=' Registration']
1650 [Test worker] INFO  application.ListenerMy - Found -->By.xpath: //*[text()=' Registration']
1652 [Test worker] INFO  application.ListenerMy - Click on --> [[ChromeDriver: chrome on MAC (8e15d62fe25f9f5430465d4c34807e70)] -> xpath: //*[text()=' Registration']]
1732 [Test worker] INFO  application.ListenerMy - Start search -->By.xpath: //*[text()='Sign Out']
2477 [Test worker] INFO  application.ListenerMy - Found -->By.xpath: //*[text()='Sign Out']
