312  [Test worker] INFO  application.ListenerMy - Start on -->https://contacts-app.tobbymarshall815.vercel.app/
1380 [Test worker] INFO  application.ListenerMy - Start search -->By.cssSelector: [href='/login']
1401 [Test worker] INFO  application.ListenerMy - Found -->By.cssSelector: [href='/login']
1410 [Test worker] INFO  application.ListenerMy - Click on --> [[ChromeDriver: chrome on MAC (fc594d7956ee42291efad02891be8419)] -> css selector: [href='/login']]
1600 [Test worker] INFO  application.ListenerMy - Start search -->By.xpath: //input[1]
1625 [Test worker] INFO  application.ListenerMy - Found -->By.xpath: //input[1]
1626 [Test worker] INFO  application.ListenerMy - Click on --> [[ChromeDriver: chrome on MAC (fc594d7956ee42291efad02891be8419)] -> xpath: //input[1]]
1762 [Test worker] INFO  application.ListenerMy - Start search -->By.xpath: //input[1]
1774 [Test worker] INFO  application.ListenerMy - Found -->By.xpath: //input[1]
1800 [Test worker] INFO  application.ListenerMy - Start search -->By.xpath: //input[1]
1809 [Test worker] INFO  application.ListenerMy - Found -->By.xpath: //input[1]
1954 [Test worker] INFO  application.ListenerMy - Start search -->By.xpath: //input[2]
1973 [Test worker] INFO  application.ListenerMy - Found -->By.xpath: //input[2]
1976 [Test worker] INFO  application.ListenerMy - Click on --> [[ChromeDriver: chrome on MAC (fc594d7956ee42291efad02891be8419)] -> xpath: //input[2]]
2036 [Test worker] INFO  application.ListenerMy - Start search -->By.xpath: //input[2]
2049 [Test worker] INFO  application.ListenerMy - Found -->By.xpath: //input[2]
2109 [Test worker] INFO  application.ListenerMy - Start search -->By.xpath: //input[2]
2127 [Test worker] INFO  application.ListenerMy - Found -->By.xpath: //input[2]
2196 [Test worker] INFO  application.ListenerMy - Start search -->By.xpath: //button[.=' Login']
2227 [Test worker] INFO  application.ListenerMy - Found -->By.xpath: //button[.=' Login']
2228 [Test worker] INFO  application.ListenerMy - Click on --> [[ChromeDriver: chrome on MAC (fc594d7956ee42291efad02891be8419)] -> xpath: //button[.=' Login']]
2327 [Test worker] INFO  application.ListenerMy - Start search -->By.xpath: //*[text()='Sign Out']
2964 [Test worker] INFO  application.ListenerMy - Found -->By.xpath: //*[text()='Sign Out']
