676  [Test worker] INFO  application.ListenerMy - Start on -->https://contacts-app.tobbymarshall815.vercel.app/
1784 [Test worker] INFO  application.ListenerMy - Start search -->By.xpath: //*[text()='Sign Out']
11810 [Test worker] INFO  application.ListenerMy - Found -->By.xpath: //*[text()='Sign Out']
11813 [Test worker] INFO  application.ListenerMy - Start search -->By.cssSelector: [href='/login']
11829 [Test worker] INFO  application.ListenerMy - Found -->By.cssSelector: [href='/login']
11836 [Test worker] INFO  application.ListenerMy - Click on --> [[ChromeDriver: chrome on MAC (d653b4523941c84e041099f53dcc0796)] -> css selector: [href='/login']]
11923 [Test worker] INFO  application.ListenerMy - Start search -->By.xpath: //input[1]
11948 [Test worker] INFO  application.ListenerMy - Found -->By.xpath: //input[1]
11948 [Test worker] INFO  application.ListenerMy - Click on --> [[ChromeDriver: chrome on MAC (d653b4523941c84e041099f53dcc0796)] -> xpath: //input[1]]
12101 [Test worker] INFO  application.ListenerMy - Start search -->By.xpath: //input[1]
12120 [Test worker] INFO  application.ListenerMy - Found -->By.xpath: //input[1]
12164 [Test worker] INFO  application.ListenerMy - Start search -->By.xpath: //input[1]
12180 [Test worker] INFO  application.ListenerMy - Found -->By.xpath: //input[1]
12339 [Test worker] INFO  application.ListenerMy - Start search -->By.xpath: //input[2]
12357 [Test worker] INFO  application.ListenerMy - Found -->By.xpath: //input[2]
12358 [Test worker] INFO  application.ListenerMy - Click on --> [[ChromeDriver: chrome on MAC (d653b4523941c84e041099f53dcc0796)] -> xpath: //input[2]]
12417 [Test worker] INFO  application.ListenerMy - Start search -->By.xpath: //input[2]
12432 [Test worker] INFO  application.ListenerMy - Found -->By.xpath: //input[2]
12484 [Test worker] INFO  application.ListenerMy - Start search -->By.xpath: //input[2]
12496 [Test worker] INFO  application.ListenerMy - Found -->By.xpath: //input[2]
12556 [Test worker] INFO  application.ListenerMy - Start search -->By.xpath: //button[.=' Login']
12573 [Test worker] INFO  application.ListenerMy - Found -->By.xpath: //button[.=' Login']
12573 [Test worker] INFO  application.ListenerMy - Click on --> [[ChromeDriver: chrome on MAC (d653b4523941c84e041099f53dcc0796)] -> xpath: //button[.=' Login']]
12630 [Test worker] INFO  application.ListenerMy - Start search -->By.cssSelector: [href='/contacts']
13289 [Test worker] INFO  application.ListenerMy - Found -->By.cssSelector: [href='/contacts']
13289 [Test worker] INFO  application.ListenerMy - Click on --> [[ChromeDriver: chrome on MAC (d653b4523941c84e041099f53dcc0796)] -> css selector: [href='/contacts']]
13343 [Test worker] INFO  application.ListenerMy - Start search -->By.cssSelector: h2
13580 [Test worker] INFO  application.ListenerMy - Found -->By.cssSelector: h2
13581 [Test worker] INFO  application.ListenerMy - Start search -->By.cssSelector: [href='/add']
13601 [Test worker] INFO  application.ListenerMy - Found -->By.cssSelector: [href='/add']
13601 [Test worker] INFO  application.ListenerMy - Click on --> [[ChromeDriver: chrome on MAC (d653b4523941c84e041099f53dcc0796)] -> css selector: [href='/add']]
13720 [Test worker] INFO  application.ListenerMy - Start search -->By.cssSelector: [placeholder='Name']
13742 [Test worker] INFO  application.ListenerMy - Found -->By.cssSelector: [placeholder='Name']
13743 [Test worker] INFO  application.ListenerMy - Click on --> [[ChromeDriver: chrome on MAC (d653b4523941c84e041099f53dcc0796)] -> css selector: [placeholder='Name']]
13874 [Test worker] INFO  application.ListenerMy - Start search -->By.cssSelector: [placeholder='Name']
13887 [Test worker] INFO  application.ListenerMy - Found -->By.cssSelector: [placeholder='Name']
13925 [Test worker] INFO  application.ListenerMy - Start search -->By.cssSelector: [placeholder='Name']
13937 [Test worker] INFO  application.ListenerMy - Found -->By.cssSelector: [placeholder='Name']
14057 [Test worker] INFO  application.ListenerMy - Start search -->By.cssSelector: [placeholder='Last Name']
14082 [Test worker] INFO  application.ListenerMy - Found -->By.cssSelector: [placeholder='Last Name']
14083 [Test worker] INFO  application.ListenerMy - Click on --> [[ChromeDriver: chrome on MAC (d653b4523941c84e041099f53dcc0796)] -> css selector: [placeholder='Last Name']]
14144 [Test worker] INFO  application.ListenerMy - Start search -->By.cssSelector: [placeholder='Last Name']
14158 [Test worker] INFO  application.ListenerMy - Found -->By.cssSelector: [placeholder='Last Name']
14211 [Test worker] INFO  application.ListenerMy - Start search -->By.cssSelector: [placeholder='Last Name']
14223 [Test worker] INFO  application.ListenerMy - Found -->By.cssSelector: [placeholder='Last Name']
14296 [Test worker] INFO  application.ListenerMy - Start search -->By.cssSelector: [placeholder='email']
14324 [Test worker] INFO  application.ListenerMy - Found -->By.cssSelector: [placeholder='email']
14325 [Test worker] INFO  application.ListenerMy - Click on --> [[ChromeDriver: chrome on MAC (d653b4523941c84e041099f53dcc0796)] -> css selector: [placeholder='email']]
14384 [Test worker] INFO  application.ListenerMy - Start search -->By.cssSelector: [placeholder='email']
14396 [Test worker] INFO  application.ListenerMy - Found -->By.cssSelector: [placeholder='email']
14446 [Test worker] INFO  application.ListenerMy - Start search -->By.cssSelector: [placeholder='email']
14466 [Test worker] INFO  application.ListenerMy - Found -->By.cssSelector: [placeholder='email']
14655 [Test worker] INFO  application.ListenerMy - Start search -->By.cssSelector: [placeholder='Phone']
14676 [Test worker] INFO  application.ListenerMy - Found -->By.cssSelector: [placeholder='Phone']
14677 [Test worker] INFO  application.ListenerMy - Click on --> [[ChromeDriver: chrome on MAC (d653b4523941c84e041099f53dcc0796)] -> css selector: [placeholder='Phone']]
14749 [Test worker] INFO  application.ListenerMy - Start search -->By.cssSelector: [placeholder='Phone']
14765 [Test worker] INFO  application.ListenerMy - Found -->By.cssSelector: [placeholder='Phone']
14794 [Test worker] INFO  application.ListenerMy - Start search -->By.cssSelector: [placeholder='Phone']
14808 [Test worker] INFO  application.ListenerMy - Found -->By.cssSelector: [placeholder='Phone']
14872 [Test worker] INFO  application.ListenerMy - Start search -->By.cssSelector: [placeholder='Address']
14900 [Test worker] INFO  application.ListenerMy - Found -->By.cssSelector: [placeholder='Address']
14900 [Test worker] INFO  application.ListenerMy - Click on --> [[ChromeDriver: chrome on MAC (d653b4523941c84e041099f53dcc0796)] -> css selector: [placeholder='Address']]
15036 [Test worker] INFO  application.ListenerMy - Start search -->By.cssSelector: [placeholder='Address']
15050 [Test worker] INFO  application.ListenerMy - Found -->By.cssSelector: [placeholder='Address']
15082 [Test worker] INFO  application.ListenerMy - Start search -->By.cssSelector: [placeholder='Address']
15095 [Test worker] INFO  application.ListenerMy - Found -->By.cssSelector: [placeholder='Address']
15178 [Test worker] INFO  application.ListenerMy - Start search -->By.cssSelector: [placeholder='description']
15195 [Test worker] INFO  application.ListenerMy - Found -->By.cssSelector: [placeholder='description']
15195 [Test worker] INFO  application.ListenerMy - Click on --> [[ChromeDriver: chrome on MAC (d653b4523941c84e041099f53dcc0796)] -> css selector: [placeholder='description']]
15250 [Test worker] INFO  application.ListenerMy - Start search -->By.cssSelector: [placeholder='description']
15263 [Test worker] INFO  application.ListenerMy - Found -->By.cssSelector: [placeholder='description']
15341 [Test worker] INFO  application.ListenerMy - Start search -->By.cssSelector: [placeholder='description']
15370 [Test worker] INFO  application.ListenerMy - Found -->By.cssSelector: [placeholder='description']
15542 [Test worker] INFO  application.ListenerMy - Start search -->By.xpath: //button[contains(.,'Save')]
15561 [Test worker] INFO  application.ListenerMy - Found -->By.xpath: //button[contains(.,'Save')]
15561 [Test worker] INFO  application.ListenerMy - Click on --> [[ChromeDriver: chrome on MAC (d653b4523941c84e041099f53dcc0796)] -> xpath: //button[contains(.,'Save')]]
15655 [Test worker] INFO  application.ListenerMy - Start search -->By.cssSelector: h2
16027 [Test worker] INFO  application.ListenerMy - Found -->By.cssSelector: h2
16041 [Test worker] INFO  application.ListenerMy - We take a text -->Lola807
18528 [Test worker] INFO  application.ListenerMy - Start on -->https://contacts-app.tobbymarshall815.vercel.app/
22795 [Test worker] INFO  application.ListenerMy - Start search -->By.xpath: //*[text()='Sign Out']
32844 [Test worker] INFO  application.ListenerMy - Found -->By.xpath: //*[text()='Sign Out']
32844 [Test worker] INFO  application.ListenerMy - Start search -->By.cssSelector: [href='/login']
32856 [Test worker] INFO  application.ListenerMy - Found -->By.cssSelector: [href='/login']
32857 [Test worker] INFO  application.ListenerMy - Click on --> [[ChromeDriver: chrome on MAC (ddd81621fa9b64cd726cacd6f822aad2)] -> css selector: [href='/login']]
32935 [Test worker] INFO  application.ListenerMy - Start search -->By.xpath: //input[1]
32956 [Test worker] INFO  application.ListenerMy - Found -->By.xpath: //input[1]
32956 [Test worker] INFO  application.ListenerMy - Click on --> [[ChromeDriver: chrome on MAC (ddd81621fa9b64cd726cacd6f822aad2)] -> xpath: //input[1]]
33097 [Test worker] INFO  application.ListenerMy - Start search -->By.xpath: //input[1]
33109 [Test worker] INFO  application.ListenerMy - Found -->By.xpath: //input[1]
33142 [Test worker] INFO  application.ListenerMy - Start search -->By.xpath: //input[1]
33152 [Test worker] INFO  application.ListenerMy - Found -->By.xpath: //input[1]
33346 [Test worker] INFO  application.ListenerMy - Start search -->By.xpath: //input[2]
33371 [Test worker] INFO  application.ListenerMy - Found -->By.xpath: //input[2]
33372 [Test worker] INFO  application.ListenerMy - Click on --> [[ChromeDriver: chrome on MAC (ddd81621fa9b64cd726cacd6f822aad2)] -> xpath: //input[2]]
33421 [Test worker] INFO  application.ListenerMy - Start search -->By.xpath: //input[2]
33435 [Test worker] INFO  application.ListenerMy - Found -->By.xpath: //input[2]
33473 [Test worker] INFO  application.ListenerMy - Start search -->By.xpath: //input[2]
33488 [Test worker] INFO  application.ListenerMy - Found -->By.xpath: //input[2]
33554 [Test worker] INFO  application.ListenerMy - Start search -->By.xpath: //button[.=' Login']
33580 [Test worker] INFO  application.ListenerMy - Found -->By.xpath: //button[.=' Login']
33581 [Test worker] INFO  application.ListenerMy - Click on --> [[ChromeDriver: chrome on MAC (ddd81621fa9b64cd726cacd6f822aad2)] -> xpath: //button[.=' Login']]
35686 [Test worker] INFO  application.ListenerMy - Start search -->By.xpath: //*[.='Sign Out']
35699 [Test worker] INFO  application.ListenerMy - Found -->By.xpath: //*[.='Sign Out']
35699 [Test worker] INFO  application.ListenerMy - Click on --> [[ChromeDriver: chrome on MAC (ddd81621fa9b64cd726cacd6f822aad2)] -> xpath: //*[.='Sign Out']]
39928 [Test worker] INFO  application.ListenerMy - Start search -->By.xpath: //*[.=' Login']
39955 [Test worker] INFO  application.ListenerMy - Found -->By.xpath: //*[.=' Login']
42957 [Test worker] INFO  application.ListenerMy - Start on -->https://contacts-app.tobbymarshall815.vercel.app/
44399 [Test worker] INFO  application.ListenerMy - Start search -->By.cssSelector: [href='/login']
44429 [Test worker] INFO  application.ListenerMy - Found -->By.cssSelector: [href='/login']
44429 [Test worker] INFO  application.ListenerMy - Click on --> [[ChromeDriver: chrome on MAC (2b42fab73e90f3367df58539cab18309)] -> css selector: [href='/login']]
44591 [Test worker] INFO  application.ListenerMy - Start search -->By.xpath: //input[1]
44622 [Test worker] INFO  application.ListenerMy - Found -->By.xpath: //input[1]
44623 [Test worker] INFO  application.ListenerMy - Click on --> [[ChromeDriver: chrome on MAC (2b42fab73e90f3367df58539cab18309)] -> xpath: //input[1]]
44823 [Test worker] INFO  application.ListenerMy - Start search -->By.xpath: //input[1]
44845 [Test worker] INFO  application.ListenerMy - Found -->By.xpath: //input[1]
44883 [Test worker] INFO  application.ListenerMy - Start search -->By.xpath: //input[1]
44893 [Test worker] INFO  application.ListenerMy - Found -->By.xpath: //input[1]
45042 [Test worker] INFO  application.ListenerMy - Start search -->By.xpath: //input[2]
45067 [Test worker] INFO  application.ListenerMy - Found -->By.xpath: //input[2]
45067 [Test worker] INFO  application.ListenerMy - Click on --> [[ChromeDriver: chrome on MAC (2b42fab73e90f3367df58539cab18309)] -> xpath: //input[2]]
45126 [Test worker] INFO  application.ListenerMy - Start search -->By.xpath: //input[2]
45136 [Test worker] INFO  application.ListenerMy - Found -->By.xpath: //input[2]
45190 [Test worker] INFO  application.ListenerMy - Start search -->By.xpath: //input[2]
45203 [Test worker] INFO  application.ListenerMy - Found -->By.xpath: //input[2]
45269 [Test worker] INFO  application.ListenerMy - Start search -->By.xpath: //button[.=' Login']
45290 [Test worker] INFO  application.ListenerMy - Found -->By.xpath: //button[.=' Login']
45291 [Test worker] INFO  application.ListenerMy - Click on --> [[ChromeDriver: chrome on MAC (2b42fab73e90f3367df58539cab18309)] -> xpath: //button[.=' Login']]
45505 [Test worker] INFO  application.ListenerMy - Start search -->By.xpath: //*[text()='Sign Out']
46077 [Test worker] INFO  application.ListenerMy - Found -->By.xpath: //*[text()='Sign Out']
48475 [Test worker] INFO  application.ListenerMy - Start on -->https://contacts-app.tobbymarshall815.vercel.app/
49917 [Test worker] INFO  application.ListenerMy - Start search -->By.cssSelector: [href='/login']
49937 [Test worker] INFO  application.ListenerMy - Found -->By.cssSelector: [href='/login']
49937 [Test worker] INFO  application.ListenerMy - Click on --> [[ChromeDriver: chrome on MAC (7ea2558ed62c2970af29607fa384ce2d)] -> css selector: [href='/login']]
50017 [Test worker] INFO  application.ListenerMy - Start search -->By.xpath: //input[1]
50035 [Test worker] INFO  application.ListenerMy - Found -->By.xpath: //input[1]
50035 [Test worker] INFO  application.ListenerMy - Click on --> [[ChromeDriver: chrome on MAC (7ea2558ed62c2970af29607fa384ce2d)] -> xpath: //input[1]]
50243 [Test worker] INFO  application.ListenerMy - Start search -->By.xpath: //input[1]
50254 [Test worker] INFO  application.ListenerMy - Found -->By.xpath: //input[1]
50288 [Test worker] INFO  application.ListenerMy - Start search -->By.xpath: //input[1]
50299 [Test worker] INFO  application.ListenerMy - Found -->By.xpath: //input[1]
50468 [Test worker] INFO  application.ListenerMy - Start search -->By.xpath: //input[2]
50499 [Test worker] INFO  application.ListenerMy - Found -->By.xpath: //input[2]
50499 [Test worker] INFO  application.ListenerMy - Click on --> [[ChromeDriver: chrome on MAC (7ea2558ed62c2970af29607fa384ce2d)] -> xpath: //input[2]]
50566 [Test worker] INFO  application.ListenerMy - Start search -->By.xpath: //input[2]
50583 [Test worker] INFO  application.ListenerMy - Found -->By.xpath: //input[2]
50629 [Test worker] INFO  application.ListenerMy - Start search -->By.xpath: //input[2]
50650 [Test worker] INFO  application.ListenerMy - Found -->By.xpath: //input[2]
50712 [Test worker] INFO  application.ListenerMy - Start search -->By.xpath: //*[text()=' Registration']
50728 [Test worker] INFO  application.ListenerMy - Found -->By.xpath: //*[text()=' Registration']
50728 [Test worker] INFO  application.ListenerMy - Click on --> [[ChromeDriver: chrome on MAC (7ea2558ed62c2970af29607fa384ce2d)] -> xpath: //*[text()=' Registration']]
50828 [Test worker] INFO  application.ListenerMy - Start search -->By.xpath: //*[text()='Sign Out']
51234 [Test worker] INFO  application.ListenerMy - Found -->By.xpath: //*[text()='Sign Out']
53732 [Test worker] INFO  application.ListenerMy - Start on -->https://contacts-app.tobbymarshall815.vercel.app/
54972 [Test worker] INFO  application.ListenerMy - Start search -->By.xpath: //*[text()='Sign Out']
64993 [Test worker] INFO  application.ListenerMy - Found -->By.xpath: //*[text()='Sign Out']
64994 [Test worker] INFO  application.ListenerMy - Start search -->By.cssSelector: [href='/login']
65009 [Test worker] INFO  application.ListenerMy - Found -->By.cssSelector: [href='/login']
65009 [Test worker] INFO  application.ListenerMy - Click on --> [[ChromeDriver: chrome on MAC (660b75747c2f733e913cbbb041c2634b)] -> css selector: [href='/login']]
65057 [Test worker] INFO  application.ListenerMy - Start search -->By.xpath: //input[1]
65075 [Test worker] INFO  application.ListenerMy - Found -->By.xpath: //input[1]
65075 [Test worker] INFO  application.ListenerMy - Click on --> [[ChromeDriver: chrome on MAC (660b75747c2f733e913cbbb041c2634b)] -> xpath: //input[1]]
65232 [Test worker] INFO  application.ListenerMy - Start search -->By.xpath: //input[1]
65241 [Test worker] INFO  application.ListenerMy - Found -->By.xpath: //input[1]
65300 [Test worker] INFO  application.ListenerMy - Start search -->By.xpath: //input[1]
65308 [Test worker] INFO  application.ListenerMy - Found -->By.xpath: //input[1]
65484 [Test worker] INFO  application.ListenerMy - Start search -->By.xpath: //input[2]
65499 [Test worker] INFO  application.ListenerMy - Found -->By.xpath: //input[2]
65499 [Test worker] INFO  application.ListenerMy - Click on --> [[ChromeDriver: chrome on MAC (660b75747c2f733e913cbbb041c2634b)] -> xpath: //input[2]]
65555 [Test worker] INFO  application.ListenerMy - Start search -->By.xpath: //input[2]
65566 [Test worker] INFO  application.ListenerMy - Found -->By.xpath: //input[2]
65642 [Test worker] INFO  application.ListenerMy - Start search -->By.xpath: //input[2]
65656 [Test worker] INFO  application.ListenerMy - Found -->By.xpath: //input[2]
65731 [Test worker] INFO  application.ListenerMy - Start search -->By.xpath: //button[.=' Login']
65762 [Test worker] INFO  application.ListenerMy - Found -->By.xpath: //button[.=' Login']
65762 [Test worker] INFO  application.ListenerMy - Click on --> [[ChromeDriver: chrome on MAC (660b75747c2f733e913cbbb041c2634b)] -> xpath: //button[.=' Login']]
65859 [Test worker] INFO  application.ListenerMy - Start search -->By.xpath: //a[.='CONTACTS']
66502 [Test worker] INFO  application.ListenerMy - Found -->By.xpath: //a[.='CONTACTS']
66502 [Test worker] INFO  application.ListenerMy - Click on --> [[ChromeDriver: chrome on MAC (660b75747c2f733e913cbbb041c2634b)] -> xpath: //a[.='CONTACTS']]
66570 [Test worker] INFO  application.ListenerMy - Start search -->By.cssSelector: .contact-item_card__2SOIM
66697 [Test worker] INFO  application.ListenerMy - Found -->By.cssSelector: .contact-item_card__2SOIM
66697 [Test worker] INFO  application.ListenerMy - Start search -->By.cssSelector: .contact-item_card__2SOIM
66710 [Test worker] INFO  application.ListenerMy - Found -->By.cssSelector: .contact-item_card__2SOIM
66711 [Test worker] INFO  application.ListenerMy - Click on --> [[ChromeDriver: chrome on MAC (660b75747c2f733e913cbbb041c2634b)] -> css selector: .contact-item_card__2SOIM]
67263 [Test worker] INFO  application.ListenerMy - Start search -->By.xpath: //button[.='Remove']
67282 [Test worker] INFO  application.ListenerMy - Found -->By.xpath: //button[.='Remove']
67283 [Test worker] INFO  application.ListenerMy - Click on --> [[ChromeDriver: chrome on MAC (660b75747c2f733e913cbbb041c2634b)] -> xpath: //button[.='Remove']]
67820 [Test worker] INFO  application.ListenerMy - Start search -->By.cssSelector: .contact-item_card__2SOIM
77870 [Test worker] INFO  application.ListenerMy - Found -->By.cssSelector: .contact-item_card__2SOIM
80643 [Test worker] INFO  application.ListenerMy - Start on -->https://contacts-app.tobbymarshall815.vercel.app/
82037 [Test worker] INFO  application.ListenerMy - Start search -->By.xpath: //*[text()='Sign Out']
92081 [Test worker] INFO  application.ListenerMy - Found -->By.xpath: //*[text()='Sign Out']
92083 [Test worker] INFO  application.ListenerMy - Start search -->By.cssSelector: [href='/login']
92095 [Test worker] INFO  application.ListenerMy - Found -->By.cssSelector: [href='/login']
92096 [Test worker] INFO  application.ListenerMy - Click on --> [[ChromeDriver: chrome on MAC (04a88dada6f4ae1d7a2427a92011b808)] -> css selector: [href='/login']]
92162 [Test worker] INFO  application.ListenerMy - Start search -->By.xpath: //input[1]
92183 [Test worker] INFO  application.ListenerMy - Found -->By.xpath: //input[1]
92183 [Test worker] INFO  application.ListenerMy - Click on --> [[ChromeDriver: chrome on MAC (04a88dada6f4ae1d7a2427a92011b808)] -> xpath: //input[1]]
92346 [Test worker] INFO  application.ListenerMy - Start search -->By.xpath: //input[1]
92362 [Test worker] INFO  application.ListenerMy - Found -->By.xpath: //input[1]
92397 [Test worker] INFO  application.ListenerMy - Start search -->By.xpath: //input[1]
92406 [Test worker] INFO  application.ListenerMy - Found -->By.xpath: //input[1]
92519 [Test worker] INFO  application.ListenerMy - Start search -->By.xpath: //input[2]
92531 [Test worker] INFO  application.ListenerMy - Found -->By.xpath: //input[2]
92531 [Test worker] INFO  application.ListenerMy - Click on --> [[ChromeDriver: chrome on MAC (04a88dada6f4ae1d7a2427a92011b808)] -> xpath: //input[2]]
92569 [Test worker] INFO  application.ListenerMy - Start search -->By.xpath: //input[2]
92578 [Test worker] INFO  application.ListenerMy - Found -->By.xpath: //input[2]
92626 [Test worker] INFO  application.ListenerMy - Start search -->By.xpath: //input[2]
92636 [Test worker] INFO  application.ListenerMy - Found -->By.xpath: //input[2]
92677 [Test worker] INFO  application.ListenerMy - Start search -->By.xpath: //button[.=' Login']
92689 [Test worker] INFO  application.ListenerMy - Found -->By.xpath: //button[.=' Login']
92689 [Test worker] INFO  application.ListenerMy - Click on --> [[ChromeDriver: chrome on MAC (04a88dada6f4ae1d7a2427a92011b808)] -> xpath: //button[.=' Login']]
92749 [Test worker] INFO  application.ListenerMy - Start search -->By.xpath: //a[.='CONTACTS']
93531 [Test worker] INFO  application.ListenerMy - Found -->By.xpath: //a[.='CONTACTS']
93532 [Test worker] INFO  application.ListenerMy - Click on --> [[ChromeDriver: chrome on MAC (04a88dada6f4ae1d7a2427a92011b808)] -> xpath: //a[.='CONTACTS']]
93595 [Test worker] INFO  application.ListenerMy - Start search -->By.className: contact-item_card__2SOIM
103639 [Test worker] INFO  application.ListenerMy - We have a throwable --> no such element: Unable to locate element: {"method":"css selector","selector":".contact\-item_card__2SOIM"}
  (Session info: chrome=90.0.4430.212)
For documentation on this error, please visit: https://www.seleniumhq.org/exceptions/no_such_element.html
Build info: version: '3.141.59', revision: 'e82be7d358', time: '2018-11-14T08:17:03'
System info: host: 'MBP-Taya.lan', ip: 'fe80:0:0:0:1c81:1c4c:6fce:c731%en0', os.name: 'Mac OS X', os.arch: 'x86_64', os.version: '10.16', java.version: '1.8.0_151'
Driver info: org.openqa.selenium.chrome.ChromeDriver
Capabilities {acceptInsecureCerts: false, browserName: chrome, browserVersion: 90.0.4430.212, chrome: {chromedriverVersion: 89.0.4389.23 (61b08ee2c5002..., userDataDir: /var/folders/s_/hl4vhy0959g...}, goog:chromeOptions: {debuggerAddress: localhost:55684}, javascriptEnabled: true, networkConnectionEnabled: false, pageLoadStrategy: normal, platform: MAC, platformName: MAC, proxy: Proxy(), setWindowRect: true, strictFileInteractability: false, timeouts: {implicit: 0, pageLoad: 300000, script: 30000}, unhandledPromptBehavior: dismiss and notify, webauthn:extension:largeBlob: true, webauthn:virtualAuthenticators: true}
Session ID: 04a88dada6f4ae1d7a2427a92011b808
*** Element info: {Using=class name, value=contact-item_card__2SOIM}
104942 [Test worker] INFO  application.ListenerMy - Screenshot with throwable -->src/test/screenshots/screenshot-897.png
107905 [Test worker] INFO  application.ListenerMy - Start on -->https://contacts-app.tobbymarshall815.vercel.app/
111622 [Test worker] INFO  application.ListenerMy - Start search -->By.xpath: //*[text()='Sign Out']
121675 [Test worker] INFO  application.ListenerMy - Found -->By.xpath: //*[text()='Sign Out']
121677 [Test worker] INFO  application.ListenerMy - Start search -->By.cssSelector: [href='/login']
121692 [Test worker] INFO  application.ListenerMy - Found -->By.cssSelector: [href='/login']
121692 [Test worker] INFO  application.ListenerMy - Click on --> [[ChromeDriver: chrome on MAC (65bb80c33a5c1cb96b515f2579822882)] -> css selector: [href='/login']]
121780 [Test worker] INFO  application.ListenerMy - Start search -->By.xpath: //input[1]
121806 [Test worker] INFO  application.ListenerMy - Found -->By.xpath: //input[1]
121806 [Test worker] INFO  application.ListenerMy - Click on --> [[ChromeDriver: chrome on MAC (65bb80c33a5c1cb96b515f2579822882)] -> xpath: //input[1]]
121982 [Test worker] INFO  application.ListenerMy - Start search -->By.xpath: //input[1]
122008 [Test worker] INFO  application.ListenerMy - Found -->By.xpath: //input[1]
122041 [Test worker] INFO  application.ListenerMy - Start search -->By.xpath: //input[1]
122052 [Test worker] INFO  application.ListenerMy - Found -->By.xpath: //input[1]
122273 [Test worker] INFO  application.ListenerMy - Start search -->By.xpath: //input[2]
122300 [Test worker] INFO  application.ListenerMy - Found -->By.xpath: //input[2]
122300 [Test worker] INFO  application.ListenerMy - Click on --> [[ChromeDriver: chrome on MAC (65bb80c33a5c1cb96b515f2579822882)] -> xpath: //input[2]]
122345 [Test worker] INFO  application.ListenerMy - Start search -->By.xpath: //input[2]
122356 [Test worker] INFO  application.ListenerMy - Found -->By.xpath: //input[2]
122551 [Test worker] INFO  application.ListenerMy - Start search -->By.xpath: //input[2]
122564 [Test worker] INFO  application.ListenerMy - Found -->By.xpath: //input[2]
122690 [Test worker] INFO  application.ListenerMy - Start search -->By.xpath: //button[.=' Login']
122706 [Test worker] INFO  application.ListenerMy - Found -->By.xpath: //button[.=' Login']
122706 [Test worker] INFO  application.ListenerMy - Click on --> [[ChromeDriver: chrome on MAC (65bb80c33a5c1cb96b515f2579822882)] -> xpath: //button[.=' Login']]
122816 [Test worker] INFO  application.ListenerMy - Start search -->By.cssSelector: [href='/contacts']
123417 [Test worker] INFO  application.ListenerMy - Found -->By.cssSelector: [href='/contacts']
123417 [Test worker] INFO  application.ListenerMy - Click on --> [[ChromeDriver: chrome on MAC (65bb80c33a5c1cb96b515f2579822882)] -> css selector: [href='/contacts']]
123459 [Test worker] INFO  application.ListenerMy - Start search -->By.cssSelector: h2
123602 [Test worker] INFO  application.ListenerMy - Found -->By.cssSelector: h2
123603 [Test worker] INFO  application.ListenerMy - Start search -->By.cssSelector: [href='/add']
123625 [Test worker] INFO  application.ListenerMy - Found -->By.cssSelector: [href='/add']
123625 [Test worker] INFO  application.ListenerMy - Click on --> [[ChromeDriver: chrome on MAC (65bb80c33a5c1cb96b515f2579822882)] -> css selector: [href='/add']]
123684 [Test worker] INFO  application.ListenerMy - Start search -->By.cssSelector: [placeholder='Name']
123707 [Test worker] INFO  application.ListenerMy - Found -->By.cssSelector: [placeholder='Name']
123707 [Test worker] INFO  application.ListenerMy - Click on --> [[ChromeDriver: chrome on MAC (65bb80c33a5c1cb96b515f2579822882)] -> css selector: [placeholder='Name']]
123936 [Test worker] INFO  application.ListenerMy - Start search -->By.cssSelector: [placeholder='Name']
123947 [Test worker] INFO  application.ListenerMy - Found -->By.cssSelector: [placeholder='Name']
123977 [Test worker] INFO  application.ListenerMy - Start search -->By.cssSelector: [placeholder='Name']
123986 [Test worker] INFO  application.ListenerMy - Found -->By.cssSelector: [placeholder='Name']
124061 [Test worker] INFO  application.ListenerMy - Start search -->By.cssSelector: [placeholder='Last Name']
124084 [Test worker] INFO  application.ListenerMy - Found -->By.cssSelector: [placeholder='Last Name']
124085 [Test worker] INFO  application.ListenerMy - Click on --> [[ChromeDriver: chrome on MAC (65bb80c33a5c1cb96b515f2579822882)] -> css selector: [placeholder='Last Name']]
124209 [Test worker] INFO  application.ListenerMy - Start search -->By.cssSelector: [placeholder='Last Name']
124222 [Test worker] INFO  application.ListenerMy - Found -->By.cssSelector: [placeholder='Last Name']
124259 [Test worker] INFO  application.ListenerMy - Start search -->By.cssSelector: [placeholder='Last Name']
124280 [Test worker] INFO  application.ListenerMy - Found -->By.cssSelector: [placeholder='Last Name']
124360 [Test worker] INFO  application.ListenerMy - Start search -->By.cssSelector: [placeholder='email']
124389 [Test worker] INFO  application.ListenerMy - Found -->By.cssSelector: [placeholder='email']
124389 [Test worker] INFO  application.ListenerMy - Click on --> [[ChromeDriver: chrome on MAC (65bb80c33a5c1cb96b515f2579822882)] -> css selector: [placeholder='email']]
124447 [Test worker] INFO  application.ListenerMy - Start search -->By.cssSelector: [placeholder='email']
124458 [Test worker] INFO  application.ListenerMy - Found -->By.cssSelector: [placeholder='email']
124490 [Test worker] INFO  application.ListenerMy - Start search -->By.cssSelector: [placeholder='email']
124501 [Test worker] INFO  application.ListenerMy - Found -->By.cssSelector: [placeholder='email']
124619 [Test worker] INFO  application.ListenerMy - Start search -->By.cssSelector: [placeholder='Phone']
124636 [Test worker] INFO  application.ListenerMy - Found -->By.cssSelector: [placeholder='Phone']
124637 [Test worker] INFO  application.ListenerMy - Click on --> [[ChromeDriver: chrome on MAC (65bb80c33a5c1cb96b515f2579822882)] -> css selector: [placeholder='Phone']]
124682 [Test worker] INFO  application.ListenerMy - Start search -->By.cssSelector: [placeholder='Phone']
124691 [Test worker] INFO  application.ListenerMy - Found -->By.cssSelector: [placeholder='Phone']
124725 [Test worker] INFO  application.ListenerMy - Start search -->By.cssSelector: [placeholder='Phone']
124734 [Test worker] INFO  application.ListenerMy - Found -->By.cssSelector: [placeholder='Phone']
124788 [Test worker] INFO  application.ListenerMy - Start search -->By.cssSelector: [placeholder='Address']
124806 [Test worker] INFO  application.ListenerMy - Found -->By.cssSelector: [placeholder='Address']
124807 [Test worker] INFO  application.ListenerMy - Click on --> [[ChromeDriver: chrome on MAC (65bb80c33a5c1cb96b515f2579822882)] -> css selector: [placeholder='Address']]
124870 [Test worker] INFO  application.ListenerMy - Start search -->By.cssSelector: [placeholder='Address']
125246 [Test worker] INFO  application.ListenerMy - Found -->By.cssSelector: [placeholder='Address']
125292 [Test worker] INFO  application.ListenerMy - Start search -->By.cssSelector: [placeholder='Address']
125303 [Test worker] INFO  application.ListenerMy - Found -->By.cssSelector: [placeholder='Address']
125635 [Test worker] INFO  application.ListenerMy - Start search -->By.cssSelector: [placeholder='description']
125674 [Test worker] INFO  application.ListenerMy - Found -->By.cssSelector: [placeholder='description']
125674 [Test worker] INFO  application.ListenerMy - Click on --> [[ChromeDriver: chrome on MAC (65bb80c33a5c1cb96b515f2579822882)] -> css selector: [placeholder='description']]
125861 [Test worker] INFO  application.ListenerMy - Start search -->By.cssSelector: [placeholder='description']
125883 [Test worker] INFO  application.ListenerMy - Found -->By.cssSelector: [placeholder='description']
125990 [Test worker] INFO  application.ListenerMy - Start search -->By.cssSelector: [placeholder='description']
126007 [Test worker] INFO  application.ListenerMy - Found -->By.cssSelector: [placeholder='description']
126233 [Test worker] INFO  application.ListenerMy - Start search -->By.xpath: //button[contains(.,'Save')]
126254 [Test worker] INFO  application.ListenerMy - Found -->By.xpath: //button[contains(.,'Save')]
126254 [Test worker] INFO  application.ListenerMy - Click on --> [[ChromeDriver: chrome on MAC (65bb80c33a5c1cb96b515f2579822882)] -> xpath: //button[contains(.,'Save')]]
126296 [Test worker] INFO  application.ListenerMy - Start search -->By.cssSelector: h2
126659 [Test worker] INFO  application.ListenerMy - Found -->By.cssSelector: h2
126673 [Test worker] INFO  application.ListenerMy - We take a text -->Lola917
