267  [Test worker] INFO  application.ListenerMy - Start on -->https://contacts-app.tobbymarshall815.vercel.app/
1140 [Test worker] INFO  application.ListenerMy - Start search -->By.cssSelector: [href='/login']
1163 [Test worker] INFO  application.ListenerMy - Found -->By.cssSelector: [href='/login']
1174 [Test worker] INFO  application.ListenerMy - Click on --> [[ChromeDriver: chrome on MAC (c7aebf64a4a0580c133f410b9c9e2936)] -> css selector: [href='/login']]
1280 [Test worker] INFO  application.ListenerMy - Start search -->By.xpath: //input[1]
1309 [Test worker] INFO  application.ListenerMy - Found -->By.xpath: //input[1]
1311 [Test worker] INFO  application.ListenerMy - Click on --> [[ChromeDriver: chrome on MAC (c7aebf64a4a0580c133f410b9c9e2936)] -> xpath: //input[1]]
1503 [Test worker] INFO  application.ListenerMy - Start search -->By.xpath: //input[1]
1543 [Test worker] INFO  application.ListenerMy - Found -->By.xpath: //input[1]
1677 [Test worker] INFO  application.ListenerMy - Start search -->By.xpath: //input[1]
1694 [Test worker] INFO  application.ListenerMy - Found -->By.xpath: //input[1]
1877 [Test worker] INFO  application.ListenerMy - Start search -->By.xpath: //input[2]
1993 [Test worker] INFO  application.ListenerMy - Found -->By.xpath: //input[2]
1994 [Test worker] INFO  application.ListenerMy - Click on --> [[ChromeDriver: chrome on MAC (c7aebf64a4a0580c133f410b9c9e2936)] -> xpath: //input[2]]
2064 [Test worker] INFO  application.ListenerMy - Start search -->By.xpath: //input[2]
2088 [Test worker] INFO  application.ListenerMy - Found -->By.xpath: //input[2]
2131 [Test worker] INFO  application.ListenerMy - Start search -->By.xpath: //input[2]
2219 [Test worker] INFO  application.ListenerMy - Found -->By.xpath: //input[2]
2270 [Test worker] INFO  application.ListenerMy - Start search -->By.xpath: //button[.=' Login']
2288 [Test worker] INFO  application.ListenerMy - Found -->By.xpath: //button[.=' Login']
2289 [Test worker] INFO  application.ListenerMy - Click on --> [[ChromeDriver: chrome on MAC (c7aebf64a4a0580c133f410b9c9e2936)] -> xpath: //button[.=' Login']]
2395 [Test worker] INFO  application.ListenerMy - Start search -->By.xpath: //*[text()='Sign Out']
3591 [Test worker] INFO  application.ListenerMy - Found -->By.xpath: //*[text()='Sign Out']
